2014/05/27 18:21:23 にビルドを開始しました。
     1>ノード 2 上のプロジェクト "C:\Users\Seitarou\Downloads\Win32Project9\Win32Project9\Win32Project9\Win32Project9.vcxproj" (Build ターゲット)。
     1>ClCompile:
         C:\Program Files (x86)\Microsoft Visual Studio 12.0\VC\bin\CL.exe /c /ZI /nologo /W3 /WX- /sdl /Od /Oy- /D WIN32 /D _DEBUG /D _WINDOWS /D _MBCS /Gm /EHsc /RTC1 /MDd /GS /fp:precise /Zc:wchar_t /Zc:forScope /Fo"Debug\\" /Fd"Debug\vc120.pdb" /Gd /TP /analyze- /errorReport:prompt drawps2.cpp psmain.cpp
         psmain.cpp
     1>c:\users\seitarou\downloads\win32project9\win32project9\win32project9\resource.h(16): warning C4005: 'DS_SETFONT' : マクロが再定義されました。
                 c:\program files (x86)\windows kits\8.1\include\um\winuser.h(11034) : 'DS_SETFONT' の前の定義を確認してください
     1>c:\users\seitarou\downloads\win32project9\win32project9\win32project9\resource.h(17): warning C4005: 'DS_MODALFRAME' : マクロが再定義されました。
                 c:\program files (x86)\windows kits\8.1\include\um\winuser.h(11035) : 'DS_MODALFRAME' の前の定義を確認してください
     1>c:\users\seitarou\downloads\win32project9\win32project9\win32project9\resource.h(18): warning C4005: 'DS_FIXEDSYS' : マクロが再定義されました。
                 c:\program files (x86)\windows kits\8.1\include\um\winuser.h(11042) : 'DS_FIXEDSYS' の前の定義を確認してください
     1>c:\users\seitarou\downloads\win32project9\win32project9\win32project9\resource.h(19): warning C4005: 'WS_POPUP' : マクロが再定義されました。
                 c:\program files (x86)\windows kits\8.1\include\um\winuser.h(2679) : 'WS_POPUP' の前の定義を確認してください
     1>c:\users\seitarou\downloads\win32project9\win32project9\win32project9\resource.h(20): warning C4005: 'WS_CAPTION' : マクロが再定義されました。
                 c:\program files (x86)\windows kits\8.1\include\um\winuser.h(2687) : 'WS_CAPTION' の前の定義を確認してください
     1>c:\users\seitarou\downloads\win32project9\win32project9\win32project9\resource.h(21): warning C4005: 'WS_SYSMENU' : マクロが再定義されました。
                 c:\program files (x86)\windows kits\8.1\include\um\winuser.h(2692) : 'WS_SYSMENU' の前の定義を確認してください
     1>c:\users\seitarou\downloads\win32project9\win32project9\win32project9\resource.h(22): warning C4005: 'IDOK' : マクロが再定義されました。
                 c:\program files (x86)\windows kits\8.1\include\um\winuser.h(10562) : 'IDOK' の前の定義を確認してください
         drawps2.cpp
     1>c:\users\seitarou\downloads\win32project9\win32project9\win32project9\resource.h(16): warning C4005: 'DS_SETFONT' : マクロが再定義されました。
                 c:\program files (x86)\windows kits\8.1\include\um\winuser.h(11034) : 'DS_SETFONT' の前の定義を確認してください
     1>c:\users\seitarou\downloads\win32project9\win32project9\win32project9\resource.h(17): warning C4005: 'DS_MODALFRAME' : マクロが再定義されました。
                 c:\program files (x86)\windows kits\8.1\include\um\winuser.h(11035) : 'DS_MODALFRAME' の前の定義を確認してください
     1>c:\users\seitarou\downloads\win32project9\win32project9\win32project9\resource.h(18): warning C4005: 'DS_FIXEDSYS' : マクロが再定義されました。
                 c:\program files (x86)\windows kits\8.1\include\um\winuser.h(11042) : 'DS_FIXEDSYS' の前の定義を確認してください
     1>c:\users\seitarou\downloads\win32project9\win32project9\win32project9\resource.h(19): warning C4005: 'WS_POPUP' : マクロが再定義されました。
                 c:\program files (x86)\windows kits\8.1\include\um\winuser.h(2679) : 'WS_POPUP' の前の定義を確認してください
     1>c:\users\seitarou\downloads\win32project9\win32project9\win32project9\resource.h(20): warning C4005: 'WS_CAPTION' : マクロが再定義されました。
                 c:\program files (x86)\windows kits\8.1\include\um\winuser.h(2687) : 'WS_CAPTION' の前の定義を確認してください
     1>c:\users\seitarou\downloads\win32project9\win32project9\win32project9\resource.h(21): warning C4005: 'WS_SYSMENU' : マクロが再定義されました。
                 c:\program files (x86)\windows kits\8.1\include\um\winuser.h(2692) : 'WS_SYSMENU' の前の定義を確認してください
     1>c:\users\seitarou\downloads\win32project9\win32project9\win32project9\resource.h(22): warning C4005: 'IDOK' : マクロが再定義されました。
                 c:\program files (x86)\windows kits\8.1\include\um\winuser.h(10562) : 'IDOK' の前の定義を確認してください
         コードを生成中...
     1>c:\users\seitarou\downloads\win32project9\win32project9\win32project9\drawps2.cpp(349): warning C4715: 'DRAWPS2::InitWndProc' : 値を返さないコントロール パスがあります。
       ResourceCompile:
         C:\Program Files (x86)\Windows Kits\8.1\bin\x86\rc.exe /l"0x0409" /nologo /fo"Debug\drawps2.res" drawps2.rc 
     1>drawps2.rc(32): warning RC2182: duplicate dialog control ID 600
         
     1>drawps2.rc(33): warning RC2182: duplicate dialog control ID 600
         
     1>drawps2.rc(34): warning RC2182: duplicate dialog control ID 600
         
     1>drawps2.rc(35): warning RC2182: duplicate dialog control ID 600
         
       Link:
         C:\Program Files (x86)\Microsoft Visual Studio 12.0\VC\bin\link.exe /ERRORREPORT:PROMPT /OUT:"C:\Users\Seitarou\Downloads\Win32Project9\Win32Project9\Debug\Win32Project9.exe" /INCREMENTAL /NOLOGO kernel32.lib user32.lib gdi32.lib winspool.lib comdlg32.lib advapi32.lib shell32.lib ole32.lib oleaut32.lib uuid.lib odbc32.lib odbccp32.lib /MANIFEST /MANIFESTUAC:"level='asInvoker' uiAccess='false'" /manifest:embed /DEBUG /PDB:"C:\Users\Seitarou\Downloads\Win32Project9\Win32Project9\Debug\Win32Project9.pdb" /SUBSYSTEM:WINDOWS /TLBID:1 /DYNAMICBASE /NXCOMPAT /IMPLIB:"C:\Users\Seitarou\Downloads\Win32Project9\Win32Project9\Debug\Win32Project9.lib" /MACHINE:X86 Debug\drawps2.res
         Debug\drawps2.obj
         Debug\psmain.obj
         Win32Project9.vcxproj -> C:\Users\Seitarou\Downloads\Win32Project9\Win32Project9\Debug\Win32Project9.exe
     1>プロジェクト "C:\Users\Seitarou\Downloads\Win32Project9\Win32Project9\Win32Project9\Win32Project9.vcxproj" (Build ターゲット) のビルドが完了しました。

ビルドに成功しました。

経過時間 00:00:09.56
