C:\USERS\田中直美\DOCUMENTS\VISUAL STUDIO 2012\PROJECTS\WIN32PROJECT9\WIN32PROJECT9\DEBUG\DRAWPS2.OBJ
C:\USERS\田中直美\DOCUMENTS\VISUAL STUDIO 2012\PROJECTS\WIN32PROJECT9\WIN32PROJECT9\DEBUG\PSMAIN.OBJ
C:\USERS\田中直美\DOCUMENTS\VISUAL STUDIO 2012\PROJECTS\WIN32PROJECT9\WIN32PROJECT9\DEBUG\VC110.PDB
C:\USERS\田中直美\DESKTOP\WIN32PROJECT9\WIN32PROJECT9\DEBUG\DRAWPS2.OBJ
C:\USERS\田中直美\DESKTOP\WIN32PROJECT9\WIN32PROJECT9\DEBUG\PSMAIN.OBJ
C:\USERS\田中直美\DESKTOP\WIN32PROJECT9\WIN32PROJECT9\DEBUG\VC110.PDB
C:\USERS\田中直美\DOCUMENTS\VISUAL STUDIO 2012\PROJECTS\WIN32PROJECT9\DEBUG\WIN32PROJECT9.ILK
C:\USERS\田中直美\DOCUMENTS\VISUAL STUDIO 2012\PROJECTS\WIN32PROJECT9\DEBUG\WIN32PROJECT9.EXE
C:\USERS\田中直美\DOCUMENTS\VISUAL STUDIO 2012\PROJECTS\WIN32PROJECT9\DEBUG\WIN32PROJECT9.PDB
C:\USERS\田中直美\DESKTOP\WIN32PROJECT9\DEBUG\WIN32PROJECT9.ILK
C:\USERS\田中直美\DESKTOP\WIN32PROJECT9\DEBUG\WIN32PROJECT9.EXE
C:\USERS\田中直美\DESKTOP\WIN32PROJECT9\DEBUG\WIN32PROJECT9.PDB
C:\USERS\田中直美\DOCUMENTS\VISUAL STUDIO 2012\PROJECTS\WIN32PROJECT9\WIN32PROJECT9\DEBUG\DRAWPS2.RES
C:\USERS\田中直美\DESKTOP\WIN32PROJECT9\WIN32PROJECT9\DEBUG\DRAWPS2.RES
C:\Users\田中直美\Documents\GitHub\drawps\Win32Project9\Debug\cl.command.1.tlog
C:\Users\田中直美\Documents\GitHub\drawps\Win32Project9\Debug\CL.read.1.tlog
C:\Users\田中直美\Documents\GitHub\drawps\Win32Project9\Debug\CL.write.1.tlog
C:\Users\田中直美\Documents\GitHub\drawps\Win32Project9\Debug\link-cvtres.read.1.tlog
C:\Users\田中直美\Documents\GitHub\drawps\Win32Project9\Debug\link-cvtres.write.1.tlog
C:\Users\田中直美\Documents\GitHub\drawps\Win32Project9\Debug\link-rc.read.1.tlog
C:\Users\田中直美\Documents\GitHub\drawps\Win32Project9\Debug\link-rc.write.1.tlog
C:\Users\田中直美\Documents\GitHub\drawps\Win32Project9\Debug\link.command.1.tlog
C:\Users\田中直美\Documents\GitHub\drawps\Win32Project9\Debug\link.read.1.tlog
C:\Users\田中直美\Documents\GitHub\drawps\Win32Project9\Debug\link.write.1.tlog
C:\Users\田中直美\Documents\GitHub\drawps\Win32Project9\Debug\rc.command.1.tlog
C:\Users\田中直美\Documents\GitHub\drawps\Win32Project9\Debug\rc.read.1.tlog
C:\Users\田中直美\Documents\GitHub\drawps\Win32Project9\Debug\rc.write.1.tlog
C:\Users\田中直美\Documents\GitHub\drawps\Win32Project9\Debug\drawps2.res
C:\Users\田中直美\Documents\GitHub\drawps\Win32Project9\Debug\vc110.idb
C:\Users\田中直美\Documents\GitHub\drawps\Win32Project9\Debug\vc120.idb
C:\Users\田中直美\Documents\GitHub\drawps\Win32Project9\Debug\vc110.pdb
C:\Users\田中直美\Documents\GitHub\drawps\Win32Project9\Debug\vc120.pdb
